#
# A fatal error has been detected by the Java Runtime Environment:
#
#  EXCEPTION_ACCESS_VIOLATION (0xc0000005) at pc=0x0000000071323a3a, pid=1968, tid=5856
#
# JRE version: Java(TM) SE Runtime Environment (8.0_91-b15) (build 1.8.0_91-b15)
# Java VM: Java HotSpot(TM) 64-Bit Server VM (25.91-b15 mixed mode windows-amd64 compressed oops)
# Problematic frame:
# V  [jvm.dll+0x3f3a3a]
#
# Failed to write core dump. Minidumps are not enabled by default on client versions of Windows
#
# If you would like to submit a bug report, please visit:
#   http://bugreport.java.com/bugreport/crash.jsp
#

---------------  T H R E A D  ---------------

Current thread (0x000000000218c000):  GCTaskThread [stack: 0x0000000011d10000,0x0000000011e10000] [id=5856]

siginfo: ExceptionCode=0xc0000005, reading address 0x0000000000000109

Registers:
RAX=0x0000000000000001, RBX=0x0000000000000034, RCX=0x00000000c21e7990, RDX=0x0000000054c97b30
RSP=0x0000000011e0f7f0, RBP=0x0000000000000000, RSI=0x0000000054c97b30, RDI=0x0000000000000000
R8 =0x00000000c22fe880, R9 =0x00000000c21e7990, R10=0x000000000000000c, R11=0x0000000000000034
R12=0x000000007157b698, R13=0x000000000218a060, R14=0x000000000218c9b0, R15=0x0000000000000000
RIP=0x0000000071323a3a, EFLAGS=0x0000000000010206

Top of Stack: (sp=0x0000000011e0f7f0)
0x0000000011e0f7f0:   00000000550e01e0 0000000000000000
0x0000000011e0f800:   0000000054c97b30 000000007157b698
0x0000000011e0f810:   00000000c1b9c470 0000000071327958
0x0000000011e0f820:   0000000071742f70 0000000000000005
0x0000000011e0f830:   0000000000000000 000000fc00000009
0x0000000011e0f840:   00000000c0a3d50c 0000000071043866
0x0000000011e0f850:   00000000c1b9c470 000000000218a060
0x0000000011e0f860:   000000000218c9c0 000000000218c9b0
0x0000000011e0f870:   000000007157b698 0000000000000000
0x0000000011e0f880:   0000000057959280 0000000000000000
0x0000000011e0f890:   0000000054c97b30 000000007132130f
0x0000000011e0f8a0:   00000000c22fe880 0000000000000000
0x0000000011e0f8b0:   0000000057959280 000000007157b698
0x0000000011e0f8c0:   00000000fb287c40 0000000000000200
0x0000000011e0f8d0:   0000000057959280 000000007131e81e
0x0000000011e0f8e0:   00000000625c54ef 000000000218c000 

Instructions: (pc=0x0000000071323a3a)
0x0000000071323a1a:   00 74 28 8b 0d 7d 3d 3a 00 45 8b 48 08 48 8b d6
0x0000000071323a2a:   49 d3 e1 4c 03 0d 64 3d 3a 00 49 8b c9 49 8b 01
0x0000000071323a3a:   ff 90 08 01 00 00 e9 1b ff ff ff 4d 8b 48 08 48
0x0000000071323a4a:   8b d6 49 8b 01 49 8b c9 ff 90 08 01 00 00 e9 03 


Register to memory mapping:

RAX=0x0000000000000001 is an unknown value
RBX=0x0000000000000034 is an unknown value
RCX=0x00000000c21e7990 is an oop
com.android.dx.rop.type.Prototype 
 - klass: 'com/android/dx/rop/type/Prototype'
RDX=0x0000000054c97b30 is an unknown value
RSP=0x0000000011e0f7f0 is an unknown value
RBP=0x0000000000000000 is an unknown value
RSI=0x0000000054c97b30 is an unknown value
RDI=0x0000000000000000 is an unknown value
R8 =0x00000000c22fe880 is pointing into object: 0x00000000c22fe870
com.android.dx.rop.cst.CstMethodRef 
 - klass: 'com/android/dx/rop/cst/CstMethodRef'
R9 =0x00000000c21e7990 is an oop
com.android.dx.rop.type.Prototype 
 - klass: 'com/android/dx/rop/type/Prototype'
R10=0x000000000000000c is an unknown value
R11=0x0000000000000034 is an unknown value
R12=0x000000007157b698 is an unknown value
R13=0x000000000218a060 is an unknown value
R14=0x000000000218c9b0 is an unknown value
R15=0x0000000000000000 is an unknown value


Stack: [0x0000000011d10000,0x0000000011e10000],  sp=0x0000000011e0f7f0,  free space=1021k
Native frames: (J=compiled Java code, j=interpreted, Vv=VM code, C=native code)


---------------  P R O C E S S  ---------------

Java Threads: ( => current thread )
  0x0000000056456800 JavaThread "pool-2-thread-4" [_thread_blocked, id=2348, stack(0x00000000572b0000,0x00000000573b0000)]
  0x0000000056456000 JavaThread "pool-2-thread-3" [_thread_blocked, id=2164, stack(0x0000000056520000,0x0000000056620000)]
  0x0000000056454000 JavaThread "pool-2-thread-2" [_thread_blocked, id=724, stack(0x0000000057050000,0x0000000057150000)]
  0x0000000056453000 JavaThread "pool-3-thread-1" [_thread_blocked, id=6100, stack(0x0000000056ee0000,0x0000000056fe0000)]
  0x000000005644f800 JavaThread "pool-2-thread-1" [_thread_blocked, id=6104, stack(0x0000000056dc0000,0x0000000056ec0000)]
  0x00000000561d1000 JavaThread "Service Thread" daemon [_thread_blocked, id=6132, stack(0x0000000056b70000,0x0000000056c70000)]
  0x000000005614c000 JavaThread "C1 CompilerThread2" daemon [_thread_blocked, id=6136, stack(0x00000000569e0000,0x0000000056ae0000)]
  0x0000000054dab000 JavaThread "C2 CompilerThread1" daemon [_thread_blocked, id=6116, stack(0x0000000056770000,0x0000000056870000)]
  0x0000000056137800 JavaThread "C2 CompilerThread0" daemon [_thread_blocked, id=6128, stack(0x0000000055ef0000,0x0000000055ff0000)]
  0x0000000056136800 JavaThread "Attach Listener" daemon [_thread_blocked, id=6124, stack(0x0000000056650000,0x0000000056750000)]
  0x000000005612a800 JavaThread "Signal Dispatcher" daemon [_thread_blocked, id=6120, stack(0x0000000055cc0000,0x0000000055dc0000)]
  0x0000000054d8a000 JavaThread "Finalizer" daemon [_thread_blocked, id=6112, stack(0x0000000056020000,0x0000000056120000)]
  0x0000000054d41000 JavaThread "Reference Handler" daemon [_thread_blocked, id=3056, stack(0x0000000055de0000,0x0000000055ee0000)]
  0x000000000040f000 JavaThread "main" [_thread_blocked, id=4840, stack(0x0000000002350000,0x0000000002450000)]

Other Threads:
  0x0000000054d3b000 VMThread [stack: 0x0000000055ba0000,0x0000000055ca0000] [id=3960]
  0x0000000056212800 WatcherThread [stack: 0x0000000056870000,0x0000000056970000] [id=6140]

=>0x000000000218c000 (exited) GCTaskThread [stack: 0x0000000011d10000,0x0000000011e10000] [id=5856]

VM state:at safepoint (normal execution)

VM Mutex/Monitor currently owned by a thread:  ([mutex/lock_event])
[0x000000000040c430] Threads_lock - owner thread: 0x0000000054d3b000
[0x000000000040c930] Heap_lock - owner thread: 0x0000000056454000

Heap:
 PSYoungGen      total 291840K, used 28152K [0x00000000eab00000, 0x0000000100000000, 0x0000000100000000)
  eden space 263680K, 0% used [0x00000000eab00000,0x00000000eab00000,0x00000000fac80000)
  from space 28160K, 99% used [0x00000000fac80000,0x00000000fc7fe3a0,0x00000000fc800000)
  to   space 50176K, 0% used [0x00000000fcf00000,0x00000000fcf00000,0x0000000100000000)
 ParOldGen       total 87552K, used 80412K [0x00000000c0000000, 0x00000000c5580000, 0x00000000eab00000)
  object space 87552K, 91% used [0x00000000c0000000,0x00000000c4e87038,0x00000000c5580000)
 Metaspace       used 6621K, capacity 7320K, committed 7680K, reserved 1056768K
  class space    used 628K, capacity 656K, committed 768K, reserved 1048576K

Card table byte_map: [0x0000000011810000,0x0000000011a20000] byte_map_base: 0x0000000011210000

Marking Bits: (ParMarkBitMap*) 0x0000000071742f70
 Begin Bits: [0x00000000121b0000, 0x00000000131b0000)
 End Bits:   [0x00000000131b0000, 0x00000000141b0000)

Polling page: 0x00000000001a0000

CodeCache: size=245760Kb used=9053Kb max_used=9053Kb free=236706Kb
 bounds [0x0000000002450000, 0x0000000002d40000, 0x0000000011450000]
 total_blobs=2407 nmethods=2136 adapters=184
 compilation: enabled

Compilation events (10 events):
Event: 4.886 Thread 0x000000005614c000 2204       2       com.android.dx.cf.direct.AnnotationParser::parseAnnotationsList (146 bytes)
Event: 4.888 Thread 0x000000005614c000 nmethod 2204 0x0000000002d10310 code [0x0000000002d105e0, 0x0000000002d11258]
Event: 4.888 Thread 0x000000005614c000 2205       2       com.android.dx.cf.attrib.BaseParameterAnnotations::byteLength (8 bytes)
Event: 4.888 Thread 0x000000005614c000 nmethod 2205 0x0000000002d20ad0 code [0x0000000002d20c20, 0x0000000002d20d70]
Event: 4.894 Thread 0x000000005614c000 2207       2       com.android.dx.dex.file.ParameterAnnotationStruct::<init> (127 bytes)
Event: 4.895 Thread 0x000000005614c000 nmethod 2207 0x0000000002d27150 code [0x0000000002d27340, 0x0000000002d27a98]
Event: 4.895 Thread 0x000000005614c000 2206       2       com.android.dx.dex.file.AnnotationsDirectoryItem::addParameterAnnotations (37 bytes)
Event: 4.896 Thread 0x000000005614c000 nmethod 2206 0x0000000002d202d0 code [0x0000000002d20460, 0x0000000002d207f8]
Event: 4.896 Thread 0x000000005614c000 2208       2       com.android.dx.dex.file.UniformListItem::<init> (37 bytes)
Event: 4.896 Thread 0x000000005614c000 nmethod 2208 0x0000000002d267d0 code [0x0000000002d269a0, 0x0000000002d26dc8]

GC Heap History (10 events):
Event: 1.589 GC heap after
Heap after GC invocations=3 (full 0):
 PSYoungGen      total 71680K, used 5100K [0x00000000eab00000, 0x00000000f3700000, 0x0000000100000000)
  eden space 66560K, 0% used [0x00000000eab00000,0x00000000eab00000,0x00000000eec00000)
  from space 5120K, 99% used [0x00000000eec00000,0x00000000ef0fb018,0x00000000ef100000)
  to   space 5120K, 0% used [0x00000000f3200000,0x00000000f3200000,0x00000000f3700000)
 ParOldGen       total 87552K, used 16700K [0x00000000c0000000, 0x00000000c5580000, 0x00000000eab00000)
  object space 87552K, 19% used [0x00000000c0000000,0x00000000c104f160,0x00000000c5580000)
 Metaspace       used 6322K, capacity 7128K, committed 7424K, reserved 1056768K
  class space    used 623K, capacity 656K, committed 768K, reserved 1048576K
}
Event: 1.959 GC heap before
{Heap before GC invocations=4 (full 0):
 PSYoungGen      total 71680K, used 71660K [0x00000000eab00000, 0x00000000f3700000, 0x0000000100000000)
  eden space 66560K, 100% used [0x00000000eab00000,0x00000000eec00000,0x00000000eec00000)
  from space 5120K, 99% used [0x00000000eec00000,0x00000000ef0fb018,0x00000000ef100000)
  to   space 5120K, 0% used [0x00000000f3200000,0x00000000f3200000,0x00000000f3700000)
 ParOldGen       total 87552K, used 16700K [0x00000000c0000000, 0x00000000c5580000, 0x00000000eab00000)
  object space 87552K, 19% used [0x00000000c0000000,0x00000000c104f160,0x00000000c5580000)
 Metaspace       used 6380K, capacity 7128K, committed 7424K, reserved 1056768K
  class space    used 623K, capacity 656K, committed 768K, reserved 1048576K
Event: 1.986 GC heap after
Heap after GC invocations=4 (full 0):
 PSYoungGen      total 138240K, used 5100K [0x00000000eab00000, 0x00000000f3700000, 0x0000000100000000)
  eden space 133120K, 0% used [0x00000000eab00000,0x00000000eab00000,0x00000000f2d00000)
  from space 5120K, 99% used [0x00000000f3200000,0x00000000f36fb2c8,0x00000000f3700000)
  to   space 5120K, 0% used [0x00000000f2d00000,0x00000000f2d00000,0x00000000f3200000)
 ParOldGen       total 87552K, used 25612K [0x00000000c0000000, 0x00000000c5580000, 0x00000000eab00000)
  object space 87552K, 29% used [0x00000000c0000000,0x00000000c1903190,0x00000000c5580000)
 Metaspace       used 6380K, capacity 7128K, committed 7424K, reserved 1056768K
  class space    used 623K, capacity 656K, committed 768K, reserved 1048576K
}
Event: 2.746 GC heap before
{Heap before GC invocations=5 (full 0):
 PSYoungGen      total 138240K, used 138220K [0x00000000eab00000, 0x00000000f3700000, 0x0000000100000000)
  eden space 133120K, 100% used [0x00000000eab00000,0x00000000f2d00000,0x00000000f2d00000)
  from space 5120K, 99% used [0x00000000f3200000,0x00000000f36fb2c8,0x00000000f3700000)
  to   space 5120K, 0% used [0x00000000f2d00000,0x00000000f2d00000,0x00000000f3200000)
 ParOldGen       total 87552K, used 25612K [0x00000000c0000000, 0x00000000c5580000, 0x00000000eab00000)
  object space 87552K, 29% used [0x00000000c0000000,0x00000000c1903190,0x00000000c5580000)
 Metaspace       used 6532K, capacity 7192K, committed 7424K, reserved 1056768K
  class space    used 624K, capacity 656K, committed 768K, reserved 1048576K
Event: 2.802 GC heap after
Heap after GC invocations=5 (full 0):
 PSYoungGen      total 138240K, used 5105K [0x00000000eab00000, 0x00000000fe100000, 0x0000000100000000)
  eden space 133120K, 0% used [0x00000000eab00000,0x00000000eab00000,0x00000000f2d00000)
  from space 5120K, 99% used [0x00000000f2d00000,0x00000000f31fc4f0,0x00000000f3200000)
  to   space 25600K, 0% used [0x00000000fc800000,0x00000000fc800000,0x00000000fe100000)
 ParOldGen       total 87552K, used 45954K [0x00000000c0000000, 0x00000000c5580000, 0x00000000eab00000)
  object space 87552K, 52% used [0x00000000c0000000,0x00000000c2ce08e0,0x00000000c5580000)
 Metaspace       used 6532K, capacity 7192K, committed 7424K, reserved 1056768K
  class space    used 624K, capacity 656K, committed 768K, reserved 1048576K
}
Event: 3.774 GC heap before
{Heap before GC invocations=6 (full 0):
 PSYoungGen      total 138240K, used 138225K [0x00000000eab00000, 0x00000000fe100000, 0x0000000100000000)
  eden space 133120K, 100% used [0x00000000eab00000,0x00000000f2d00000,0x00000000f2d00000)
  from space 5120K, 99% used [0x00000000f2d00000,0x00000000f31fc4f0,0x00000000f3200000)
  to   space 25600K, 0% used [0x00000000fc800000,0x00000000fc800000,0x00000000fe100000)
 ParOldGen       total 87552K, used 45954K [0x00000000c0000000, 0x00000000c5580000, 0x00000000eab00000)
  object space 87552K, 52% used [0x00000000c0000000,0x00000000c2ce08e0,0x00000000c5580000)
 Metaspace       used 6570K, capacity 7256K, committed 7424K, reserved 1056768K
  class space    used 624K, capacity 656K, committed 768K, reserved 1048576K
Event: 3.832 GC heap after
Heap after GC invocations=6 (full 0):
 PSYoungGen      total 289280K, used 21813K [0x00000000eab00000, 0x00000000fe600000, 0x0000000100000000)
  eden space 263680K, 0% used [0x00000000eab00000,0x00000000eab00000,0x00000000fac80000)
  from space 25600K, 85% used [0x00000000fc800000,0x00000000fdd4d628,0x00000000fe100000)
  to   space 28160K, 0% used [0x00000000fac80000,0x00000000fac80000,0x00000000fc800000)
 ParOldGen       total 87552K, used 45954K [0x00000000c0000000, 0x00000000c5580000, 0x00000000eab00000)
  object space 87552K, 52% used [0x00000000c0000000,0x00000000c2ce08e0,0x00000000c5580000)
 Metaspace       used 6570K, capacity 7256K, committed 7424K, reserved 1056768K
  class space    used 624K, capacity 656K, committed 768K, reserved 1048576K
}
Event: 4.970 GC heap before
{Heap before GC invocations=7 (full 0):
 PSYoungGen      total 289280K, used 285493K [0x00000000eab00000, 0x00000000fe600000, 0x0000000100000000)
  eden space 263680K, 100% used [0x00000000eab00000,0x00000000fac80000,0x00000000fac80000)
  from space 25600K, 85% used [0x00000000fc800000,0x00000000fdd4d628,0x00000000fe100000)
  to   space 28160K, 0% used [0x00000000fac80000,0x00000000fac80000,0x00000000fc800000)
 ParOldGen       total 87552K, used 45954K [0x00000000c0000000, 0x00000000c5580000, 0x00000000eab00000)
  object space 87552K, 52% used [0x00000000c0000000,0x00000000c2ce08e0,0x00000000c5580000)
 Metaspace       used 6621K, capacity 7320K, committed 7680K, reserved 1056768K
  class space    used 628K, capacity 656K, committed 768K, reserved 1048576K
Event: 5.117 GC heap after
Heap after GC invocations=7 (full 0):
 PSYoungGen      total 291840K, used 28152K [0x00000000eab00000, 0x0000000100000000, 0x0000000100000000)
  eden space 263680K, 0% used [0x00000000eab00000,0x00000000eab00000,0x00000000fac80000)
  from space 28160K, 99% used [0x00000000fac80000,0x00000000fc7fe3a0,0x00000000fc800000)
  to   space 50176K, 0% used [0x00000000fcf00000,0x00000000fcf00000,0x0000000100000000)
 ParOldGen       total 87552K, used 80412K [0x00000000c0000000, 0x00000000c5580000, 0x00000000eab00000)
  object space 87552K, 91% used [0x00000000c0000000,0x00000000c4e87038,0x00000000c5580000)
 Metaspace       used 6621K, capacity 7320K, committed 7680K, reserved 1056768K
  class space    used 628K, capacity 656K, committed 768K, reserved 1048576K
}
Event: 5.117 GC heap before
{Heap before GC invocations=8 (full 1):
 PSYoungGen      total 291840K, used 28152K [0x00000000eab00000, 0x0000000100000000, 0x0000000100000000)
  eden space 263680K, 0% used [0x00000000eab00000,0x00000000eab00000,0x00000000fac80000)
  from space 28160K, 99% used [0x00000000fac80000,0x00000000fc7fe3a0,0x00000000fc800000)
  to   space 50176K, 0% used [0x00000000fcf00000,0x00000000fcf00000,0x0000000100000000)
 ParOldGen       total 87552K, used 80412K [0x00000000c0000000, 0x00000000c5580000, 0x00000000eab00000)
  object space 87552K, 91% used [0x00000000c0000000,0x00000000c4e87038,0x00000000c5580000)
 Metaspace       used 6621K, capacity 7320K, committed 7680K, reserved 1056768K
  class space    used 628K, capacity 656K, committed 768K, reserved 1048576K

Deoptimization events (10 events):
Event: 2.282 Thread 0x0000000056456800 Uncommon trap: reason=bimorphic action=maybe_recompile pc=0x0000000002add690 method=com.android.dx.cf.code.BytecodeArray.parseInstruction(ILcom/android/dx/cf/code/BytecodeArray$Visitor;)I @ 1224
Event: 2.434 Thread 0x0000000056454000 Uncommon trap: reason=unstable_if action=reinterpret pc=0x0000000002890678 method=com.android.dx.rop.code.RegisterSpecSet.<init>(I)V @ 2
Event: 2.986 Thread 0x0000000056454000 Uncommon trap: reason=unstable_if action=reinterpret pc=0x0000000002a4b0a8 method=com.android.dx.ssa.LocalVariableExtractor.processBlock(I)V @ 251
Event: 3.216 Thread 0x0000000056454000 Uncommon trap: reason=unstable_if action=reinterpret pc=0x0000000002bcbfd4 method=com.android.dx.ssa.back.FirstFitLocalCombiningAllocator.findNextUnreservedRopReg(IILcom/android/dx/ssa/back/FirstFitLocalCombiningAllocator$Alignment;)I @ 32
Event: 4.113 Thread 0x0000000056454000 Uncommon trap: reason=unstable_if action=reinterpret pc=0x0000000002b370e4 method=com.android.dx.rop.code.RegisterSpecSet.<init>(I)V @ 2
Event: 4.135 Thread 0x0000000056456000 Uncommon trap: reason=unstable_if action=reinterpret pc=0x0000000002bfb5cc method=com.android.dx.rop.code.LocalItem.compareHandlesNulls(Lcom/android/dx/rop/cst/CstString;Lcom/android/dx/rop/cst/CstString;)I @ 14
Event: 4.443 Thread 0x0000000056456000 Uncommon trap: reason=unstable_if action=reinterpret pc=0x00000000028a2f48 method=com.android.dx.rop.code.LocalItem.compareHandlesNulls(Lcom/android/dx/rop/cst/CstString;Lcom/android/dx/rop/cst/CstString;)I @ 14
Event: 4.536 Thread 0x000000005644f800 Uncommon trap: reason=bimorphic action=maybe_recompile pc=0x0000000002b915c4 method=com.android.dx.cf.code.BytecodeArray.parseInstruction(ILcom/android/dx/cf/code/BytecodeArray$Visitor;)I @ 1287
Event: 4.546 Thread 0x000000005644f800 Uncommon trap: reason=bimorphic action=maybe_recompile pc=0x0000000002b915c4 method=com.android.dx.cf.code.BytecodeArray.parseInstruction(ILcom/android/dx/cf/code/BytecodeArray$Visitor;)I @ 1287
Event: 4.664 Thread 0x0000000056456000 Uncommon trap: reason=unstable_if action=reinterpret pc=0x00000000028e9814 method=com.android.dx.dex.code.OutputFinisher.hasLocalInfo(Lcom/android/dx/dex/code/DalvInsn;)Z @ 24

Internal exceptions (10 events):
Event: 0.031 Thread 0x000000000040f000 Exception <a 'java/lang/NoSuchMethodError': Method sun.misc.Unsafe.defineClass(Ljava/lang/String;[BII)Ljava/lang/Class; name or signature does not match> (0x00000000eab07cc0) thrown at [C:\re\workspace\8-2-build-windows-amd64-cygwin\jdk8u91\7017\hotspot\sr X¼–>ÒŸ?
Event: 0.031 Thread 0x000000000040f000 Exception <a 'java/lang/NoSuchMethodError': Method sun.misc.Unsafe.prefetchRead(Ljava/lang/Object;J)V name or signature does not match> (0x00000000eab07fa8) thrown at [C:\re\workspace\8-2-build-windows-amd64-cygwin\jdk8u91\7017\hotspot\src\share\vm\prims\j¸üP:‘ã?
Event: 0.611 Thread 0x0000000056454000 Implicit null exception at 0x000000000272c0c1 to 0x000000000272ddc5
Event: 0.612 Thread 0x0000000056454000 Implicit null exception at 0x000000000272190b to 0x00000000027235f1
Event: 0.684 Thread 0x0000000056456000 Implicit null exception at 0x000000000278a952 to 0x000000000278aa42
Event: 1.442 Thread 0x0000000056454000 Exception <a 'java/lang/ArrayIndexOutOfBoundsException': 18> (0x00000000edb153c0) thrown at [C:\re\workspace\8-2-build-windows-amd64-cygwin\jdk8u91\7017\hotspot\src\share\vm\interpreter\interpreterRuntime.cpp, line 366]
Event: 1.443 Thread 0x0000000056454000 Exception <a 'java/lang/ArrayIndexOutOfBoundsException'> (0x00000000edb16f40) thrown at [C:\re\workspace\8-2-build-windows-amd64-cygwin\jdk8u91\7017\hotspot\src\share\vm\runtime\sharedRuntime.cpp, line 605]
Event: 1.443 Thread 0x0000000056454000 Exception <a 'java/lang/ArrayIndexOutOfBoundsException'> (0x00000000edb18228) thrown at [C:\re\workspace\8-2-build-windows-amd64-cygwin\jdk8u91\7017\hotspot\src\share\vm\runtime\sharedRuntime.cpp, line 605]
Event: 4.135 Thread 0x0000000056456000 Implicit null exception at 0x0000000002bf9a95 to 0x0000000002bfb5bd
Event: 4.443 Thread 0x0000000056456000 Implicit null exception at 0x00000000028a2dc8 to 0x00000000028a2f35

Events (10 events):
Event: 4.632 Thread 0x000000000040f000 DEOPT PACKING pc=0x0000000002b09e5f sp=0x000000000244d590
Event: 4.632 Thread 0x000000000040f000 DEOPT UNPACKING pc=0x000000000249747f sp=0x000000000244d398 mode 0
Event: 4.664 Thread 0x0000000056456000 Uncommon trap: trap_request=0xffffff65 fr.pc=0x00000000028e9814
Event: 4.664 Thread 0x0000000056456000 DEOPT PACKING pc=0x00000000028e9814 sp=0x000000005661e940
Event: 4.664 Thread 0x0000000056456000 DEOPT UNPACKING pc=0x000000000249582a sp=0x000000005661e858 mode 2
Event: 4.872 Thread 0x0000000056454000 DEOPT PACKING pc=0x0000000002c5a28b sp=0x000000005714e6c0
Event: 4.872 Thread 0x0000000056454000 DEOPT UNPACKING pc=0x000000000249747f sp=0x000000005714e450 mode 0
Event: 4.955 Thread 0x0000000056454000 DEOPT PACKING pc=0x000000000289b1e3 sp=0x000000005714e4d0
Event: 4.955 Thread 0x0000000056454000 DEOPT UNPACKING pc=0x000000000249747f sp=0x000000005714e2e0 mode 0
Event: 4.967 Executing VM operation: ParallelGCFailedAllocation


Dynamic libraries:
0x000000013f510000 - 0x000000013f547000 	D:\Program Files\Java\jdk1.8.0_91\bin\java.exe
0x00000000776b0000 - 0x000000007785a000 	C:\Windows\SYSTEM32\ntdll.dll
0x0000000077350000 - 0x000000007746f000 	C:\Windows\system32\kernel32.dll
0x000007fefd4b0000 - 0x000007fefd51a000 	C:\Windows\system32\KERNELBASE.dll
0x000007fefdb80000 - 0x000007fefdc5b000 	C:\Windows\system32\ADVAPI32.dll
0x000007fefe800000 - 0x000007fefe89f000 	C:\Windows\system32\msvcrt.dll
0x000007feff8b0000 - 0x000007feff8cf000 	C:\Windows\SYSTEM32\sechost.dll
0x000007fefe950000 - 0x000007fefea7d000 	C:\Windows\system32\RPCRT4.dll
0x00000000775b0000 - 0x00000000776aa000 	C:\Windows\system32\USER32.dll
0x000007fefdb10000 - 0x000007fefdb77000 	C:\Windows\system32\GDI32.dll
0x000007fefe940000 - 0x000007fefe94e000 	C:\Windows\system32\LPK.dll
0x000007feff8f0000 - 0x000007feff9ba000 	C:\Windows\system32\USP10.dll
0x000007fefbe00000 - 0x000007fefbff4000 	C:\Windows\WinSxS\amd64_microsoft.windows.common-controls_6595b64144ccf1df_6.0.7601.18837_none_fa3b1e3d17594757\COMCTL32.dll
0x000007fefddd0000 - 0x000007fefde41000 	C:\Windows\system32\SHLWAPI.dll
0x000007fefe6f0000 - 0x000007fefe71e000 	C:\Windows\system32\IMM32.DLL
0x000007fefe5e0000 - 0x000007fefe6e9000 	C:\Windows\system32\MSCTF.dll
0x0000000072e50000 - 0x0000000072f22000 	D:\Program Files\Java\jdk1.8.0_91\jre\bin\msvcr100.dll
0x0000000070f30000 - 0x00000000717c3000 	D:\Program Files\Java\jdk1.8.0_91\jre\bin\server\jvm.dll
0x000007fef80c0000 - 0x000007fef80c9000 	C:\Windows\system32\WSOCK32.dll
0x000007fefdc60000 - 0x000007fefdcad000 	C:\Windows\system32\WS2_32.dll
0x000007feff8a0000 - 0x000007feff8a8000 	C:\Windows\system32\NSI.dll
0x000007fefd540000 - 0x000007fefd57b000 	C:\Windows\system32\WINMM.dll
0x000007fefc490000 - 0x000007fefc49c000 	C:\Windows\system32\VERSION.dll
0x0000000077870000 - 0x0000000077877000 	C:\Windows\system32\PSAPI.DLL
0x0000000073f10000 - 0x0000000073f1f000 	D:\Program Files\Java\jdk1.8.0_91\jre\bin\verify.dll
0x0000000073ee0000 - 0x0000000073f09000 	D:\Program Files\Java\jdk1.8.0_91\jre\bin\java.dll
0x0000000073ec0000 - 0x0000000073ed6000 	D:\Program Files\Java\jdk1.8.0_91\jre\bin\zip.dll
0x000007fefeb10000 - 0x000007feff899000 	C:\Windows\system32\SHELL32.dll
0x000007fefe040000 - 0x000007fefe243000 	C:\Windows\system32\ole32.dll
0x000007fefd380000 - 0x000007fefd38f000 	C:\Windows\system32\profapi.dll
0x000007fef0eb0000 - 0x000007fef0fd5000 	C:\Windows\system32\dbghelp.dll

VM Arguments:
jvm_args: -Djava.awt.headless=true -Xmx1024M -Dfile.encoding=GBK -Duser.country=CN -Duser.language=zh -Duser.variant 
java_command: com.android.dx.command.Main --dex --num-threads=4 --multi-dex --main-dex-list E:\android\guoqing\Medicine930\Medicine\app\build\intermediates\multi-dex\debug\maindexlist.txt --output E:\android\guoqing\Medicine930\Medicine\app\build\intermediates\transforms\dex\debug\folders\1000\1f\main E:\android\guoqing\Medicine930\Medicine\app\build\intermediates\transforms\jarMerging\debug\jars\1\1f\combined.jar
java_class_path (initial): F:\Android_SDK\build-tools\23.0.0\lib\dx.jar
Launcher Type: SUN_STANDARD

Environment Variables:
JAVA_HOME=D:\Program Files\Java\jdk1.8.0_91
CLASSPATH=.;D:\Program Files\Java\jdk1.8.0_91\lib\dt.jar;D:\Program Files\Java\jdk1.8.0_91\lib\tools.jar;
PATH=C:\ProgramData\Oracle\Java\javapath;D:\Program Files\Java\jdk1.8.0_91\bin;D:\Program Files\Java\jdk1.8.0_91\jre\bin;D:\Program Files (x86)\Git\mingw32\libexec\git-core;D:\Program Files (x86)\Git\bin;F:\Android_SDK\platform-tools;C:\Windows\system32;C:\Windows;C:\Windows\system32\WBEM;
USERNAME=Administrator
OS=Windows_NT
PROCESSOR_IDENTIFIER=AMD64 Family 21 Model 48 Stepping 1, AuthenticAMD



---------------  S Y S T E M  ---------------

OS: Windows 7 , 64 bit Build 7601 (6.1.7601.23543)

CPU:total 4 (4 cores per cpu, 1 threads per core) family 21 model 48 stepping 1, cmov, cx8, fxsr, mmx, sse, sse2, sse3, ssse3, sse4.1, sse4.2, popcnt, avx, aes, clmul, mmxext, 3dnowpref, lzcnt, sse4a, tsc, tscinvbit, tscinv, bmi1

Memory: 4k page, physical 8331064k(2899136k free), swap 16660268k(9963916k free)

vm_info: Java HotSpot(TM) 64-Bit Server VM (25.91-b15) for windows-amd64 JRE (1.8.0_91-b15), built on May 20 2016 17:43:15 by "java_re" with MS VC++ 10.0 (VS2010)

time: Thu Dec 22 08:56:24 2016
elapsed time: 5 seconds (0d 0h 0m 5s)

